0 info it worked if it ends with ok
1 verbose cli [ '/usr/local/bin/node', '/usr/local/bin/npm', 'run', 'build' ]
2 info using npm@3.10.10
3 info using node@v6.9.3
4 verbose run-script [ 'prebuild', 'build', 'postbuild' ]
5 info lifecycle ng-pick-datetime@4.1.2~prebuild: ng-pick-datetime@4.1.2
6 silly lifecycle ng-pick-datetime@4.1.2~prebuild: no script for prebuild, continuing
7 info lifecycle ng-pick-datetime@4.1.2~build: ng-pick-datetime@4.1.2
8 verbose lifecycle ng-pick-datetime@4.1.2~build: unsafe-perm in lifecycle true
9 verbose lifecycle ng-pick-datetime@4.1.2~build: PATH: /usr/local/lib/node_modules/npm/bin/node-gyp-bin:/Volumes/DATA /Git_Builds/date-time-picker/node_modules/.bin:/opt/local/bin:/opt/local/sbin:/usr/local/mysql/bin:/usr/local/Cellar/php56/5.6.18/bin:/usr/bin:/bin:/usr/sbin:/sbin:/usr/local/bin
10 verbose lifecycle ng-pick-datetime@4.1.2~build: CWD: /Volumes/DATA /Git_Builds/date-time-picker
11 silly lifecycle ng-pick-datetime@4.1.2~build: Args: [ '-c',
11 silly lifecycle   'rimraf dist && webpack --config config/webpack.prod.js --progress --profile --bail' ]
12 silly lifecycle ng-pick-datetime@4.1.2~build: Returned: code: 1  signal: null
13 info lifecycle ng-pick-datetime@4.1.2~build: Failed to exec build script
14 verbose stack Error: ng-pick-datetime@4.1.2 build: `rimraf dist && webpack --config config/webpack.prod.js --progress --profile --bail`
14 verbose stack Exit status 1
14 verbose stack     at EventEmitter.<anonymous> (/usr/local/lib/node_modules/npm/lib/utils/lifecycle.js:255:16)
14 verbose stack     at emitTwo (events.js:106:13)
14 verbose stack     at EventEmitter.emit (events.js:191:7)
14 verbose stack     at ChildProcess.<anonymous> (/usr/local/lib/node_modules/npm/lib/utils/spawn.js:40:14)
14 verbose stack     at emitTwo (events.js:106:13)
14 verbose stack     at ChildProcess.emit (events.js:191:7)
14 verbose stack     at maybeClose (internal/child_process.js:877:16)
14 verbose stack     at Process.ChildProcess._handle.onexit (internal/child_process.js:226:5)
15 verbose pkgid ng-pick-datetime@4.1.2
16 verbose cwd /Volumes/DATA /Git_Builds/date-time-picker
17 error Darwin 17.5.0
18 error argv "/usr/local/bin/node" "/usr/local/bin/npm" "run" "build"
19 error node v6.9.3
20 error npm  v3.10.10
21 error code ELIFECYCLE
22 error ng-pick-datetime@4.1.2 build: `rimraf dist && webpack --config config/webpack.prod.js --progress --profile --bail`
22 error Exit status 1
23 error Failed at the ng-pick-datetime@4.1.2 build script 'rimraf dist && webpack --config config/webpack.prod.js --progress --profile --bail'.
23 error Make sure you have the latest version of node.js and npm installed.
23 error If you do, this is most likely a problem with the ng-pick-datetime package,
23 error not with npm itself.
23 error Tell the author that this fails on your system:
23 error     rimraf dist && webpack --config config/webpack.prod.js --progress --profile --bail
23 error You can get information on how to open an issue for this project with:
23 error     npm bugs ng-pick-datetime
23 error Or if that isn't available, you can get their info via:
23 error     npm owner ls ng-pick-datetime
23 error There is likely additional logging output above.
24 verbose exit [ 1, true ]
